[2023-03-30 01:13:36,557 test_PenghuniBaru.py->test_2_login()]==>INFO: Setup Os
[2023-03-30 01:13:40,261 test_PenghuniBaru.py->test_2_login()]==>INFO: Login Operator Manajemen Penempatan
[2023-03-30 01:13:43,471 test_PenghuniBaru.py->test_3_AksesMenu()]==>INFO: Akses halaman Manajemen Penghuni Baru
[2023-03-30 01:13:46,765 test_PenghuniBaru.py->test_4_CreateButton()]==>INFO: Click Button Tambah halaman Pemetaan Block
[2023-03-30 01:13:51,302 test_PenghuniBaru.py->test_6_ClickButtonSearch()]==>INFO: memilih pencarian berdasarkan Nama Lengkap
[2023-03-30 01:13:53,722 test_PenghuniBaru.py->test_7_ClickButtonPenempatan()]==>INFO: Click Button Penempatan
[2023-03-30 01:13:56,062 test_PenghuniBaru.py->test_8_SelectBlock()]==>INFO: Memilih Blok
[2023-03-30 01:13:58,229 test_PenghuniBaru.py->test_9_MemilihLantai()]==>INFO: Memilih Lantai
[2023-03-30 01:14:00,399 test_PenghuniBaru.py->test_10_MemilihKamar()]==>INFO: Memilih Kamar
[2023-03-30 01:14:02,477 test_PenghuniBaru.py->test_11_InputTanggalPenempatan()]==>INFO: Input Tanggal Penempatan
[2023-03-30 01:14:04,568 test_PenghuniBaru.py->test_12_InputKeterangan()]==>INFO: Input Keterangan
[2023-03-30 01:14:09,245 test_PenghuniBaru.py->test_13_ClickButtonSubmit()]==>INFO: Klik Button Submit
[2023-03-30 01:14:12,921 test_PenghuniBaru.py->test_14_loginSpv()]==>INFO: Setup Os
[2023-03-30 01:14:16,685 test_PenghuniBaru.py->test_14_loginSpv()]==>INFO: Login Operator Manajemen Penempatan
[2023-03-30 01:14:19,926 test_PenghuniBaru.py->test_15_AksesMenu()]==>INFO: Akses halaman Manajemen Penghuni Baru
[2023-03-30 01:14:23,320 test_PenghuniBaru.py->test_16_FilterColumnNama()]==>INFO: Pilih Filter Column Nama
[2023-03-30 01:14:25,466 test_PenghuniBaru.py->test_17_SelectStatusDalamProses()]==>INFO: Pilih Status Dalam Proses
[2023-03-30 01:14:27,552 test_PenghuniBaru.py->test_18_PilihKataKunciNama()]==>INFO: Pilih Kata Kunci nama
[2023-03-30 01:14:29,593 test_PenghuniBaru.py->test_18_ClickButtonSearch()]==>INFO: Click Button Search
[2023-03-30 01:14:35,045 test_PenghuniBaru.py->test_19_ClickButtonVerifikasi()]==>INFO: Click Button  Verifikasi
[2023-03-30 01:14:37,260 test_PenghuniBaru.py->test_20_ChangeStatusDiizinkan()]==>INFO: Status Diizinkan
[2023-03-30 01:14:39,319 test_PenghuniBaru.py->test_21_InputKeterangan()]==>INFO: Input Keterangan
[2023-03-30 01:14:41,380 test_PenghuniBaru.py->test_22_Verifikasi()]==>INFO: Click Button Verifikasi
