[2023-03-28 22:08:22,741 test_ManajemenBlokDanKamar.py->test_1_setupOS()]==>INFO: Setup Os
[2023-03-28 22:08:26,394 test_ManajemenBlokDanKamar.py->test_2_login()]==>INFO: Login Operator Manajemen Penempatan
[2023-03-28 22:08:28,642 test_ManajemenBlokDanKamar.py->test_3_AksesMenu()]==>INFO: Akses halaman Manajemen Blok dan Kamar
[2023-03-28 22:08:33,445 test_ManajemenBlokDanKamar.py->test_3_ClickButtonCreate()]==>INFO: Click Button Tambah halaman Pemetaan Block
[2023-03-28 22:08:35,747 test_ManajemenBlokDanKamar.py->test_4_CreateButtonMaster()]==>INFO: Click Button Tambah Master Blok Dan Kamar
[2023-03-28 22:08:38,089 test_ManajemenBlokDanKamar.py->test_5_InputNamaBlok()]==>INFO: Input Nama Blok
[2023-03-28 22:08:40,364 test_ManajemenBlokDanKamar.py->test_6_InputTipeBlok()]==>INFO: Input Tipe Blok
[2023-03-28 22:08:40,935 test_ManajemenBlokDanKamar.py->test_6_InputTipeBlok()]==>INFO:  input tipe blok 
[2023-03-28 22:08:41,778 test_ManajemenBlokDanKamar.py->test_7_InputJenisKelamin()]==>INFO:  input jenis kelamin 
[2023-03-28 22:08:43,241 test_ManajemenBlokDanKamar.py->test_8_InputJenisKejahatan()]==>INFO: Input untuk Jenis kejahatan Teroris, Kriminal, Korupsi
[2023-03-28 22:08:45,590 test_ManajemenBlokDanKamar.py->test_9_InputKelompokUsia()]==>INFO:  input Kelompok Usia 
[2023-03-28 22:08:47,863 test_ManajemenBlokDanKamar.py->test_10_InputJumlahLantai()]==>INFO: input jumlah lantai
[2023-03-28 22:08:50,238 test_ManajemenBlokDanKamar.py->test_11_InputFormatPenomoran()]==>INFO: Input Format Penomoran Kamar
[2023-03-28 22:08:50,459 test_ManajemenBlokDanKamar.py->test_11_InputFormatPenomoran()]==>INFO: input penomoran kamar
[2023-03-28 22:08:52,569 test_ManajemenBlokDanKamar.py->test_12_JumlahKamarPerlantai()]==>INFO:  input 1 lantai
[2023-03-28 22:08:52,804 test_ManajemenBlokDanKamar.py->test_13_ClickButtonSubmit()]==>INFO: Input Jumlah Kamar perlantai
[2023-03-28 22:09:01,114 test_ManajemenBlokDanKamar.py->test_14_loginOperatorMP()]==>INFO: Setup Os
[2023-03-28 22:09:04,689 test_ManajemenBlokDanKamar.py->test_14_loginOperatorMP()]==>INFO: Login Operator Manajemen Penempatan
[2023-03-28 22:09:06,144 test_ManajemenBlokDanKamar.py->test_15_AksesMenuOperatorKeamanan()]==>INFO: Akses halaman Manajemen Blok dan Kamar
[2023-03-28 22:09:06,877 test_ManajemenBlokDanKamar.py->test_15_AksesMenuOperatorKeamanan()]==>INFO: Akses halaman Daftar Lalu Lintas P2U External
[2023-03-28 22:09:11,194 test_ManajemenBlokDanKamar.py->test_16_ClickButtonHalamanTambah()]==>INFO: Click Button Tambah halaman Pemetaan Block
[2023-03-28 22:09:13,121 test_ManajemenBlokDanKamar.py->test_17_SearchNamaBlok()]==>INFO: Search Nama Blok
[2023-03-28 22:09:20,279 test_ManajemenBlokDanKamar.py->test_19_PilihLanta()]==>INFO: Pilih Lantai
[2023-03-28 22:09:22,356 test_ManajemenBlokDanKamar.py->test_20_InputNomorkamar()]==>INFO: Input Nomor Kamar
[2023-03-28 22:09:22,458 test_ManajemenBlokDanKamar.py->test_21_InputKondisiRuangan()]==>INFO: Input Kondisi Ruangan
[2023-03-28 22:09:22,567 test_ManajemenBlokDanKamar.py->test_22_InputkelompokJenisKejahatan()]==>INFO: Input Kelompok Jenis Kejahatan
[2023-03-28 22:09:22,605 test_ManajemenBlokDanKamar.py->test_23_InputKapasitas()]==>INFO: Input Kapasitas
[2023-03-28 22:09:22,625 test_ManajemenBlokDanKamar.py->test_24_ClickButtonSubmitKamar()]==>INFO: Click Button Submit Kamar
[2023-03-28 22:09:35,465 test_ManajemenBlokDanKamar.py->test_26_loginSuperVisor()]==>INFO: Setup Os
[2023-03-28 22:09:39,041 test_ManajemenBlokDanKamar.py->test_26_loginSuperVisor()]==>INFO: Login Operator Manajemen Penempatan
[2023-03-28 22:09:40,661 test_ManajemenBlokDanKamar.py->test_27_AksesMenu()]==>INFO: Akses halaman Manajemen Blok dan Kamar
[2023-03-28 22:09:41,389 test_ManajemenBlokDanKamar.py->test_27_AksesMenu()]==>INFO: Akses halaman Daftar Lalu Lintas P2U External
[2023-03-28 22:09:46,178 test_ManajemenBlokDanKamar.py->test_28_ClickTambahPemetaanBlok()]==>INFO: Click Button Tambah halaman Pemetaan Block
[2023-03-28 22:09:47,983 test_ManajemenBlokDanKamar.py->test_29_SearchNamaBlok()]==>INFO: Search Nama Blok
[2023-03-28 22:09:48,037 test_ManajemenBlokDanKamar.py->test_30_ClickButtonVerifikasi()]==>INFO: ClickButtonVerifikasi
[2023-03-28 22:09:48,612 test_ManajemenBlokDanKamar.py->test_31_ClickStatusVerifikasi()]==>INFO: Click status verifikasi
[2023-03-28 22:09:49,184 test_ManajemenBlokDanKamar.py->test_32_Verifikasi()]==>INFO: Verifikasi
[2023-03-28 22:09:49,234 test_ManajemenBlokDanKamar.py->test_33_InputKeterangan()]==>INFO: Input Keterangan
[2023-03-28 22:09:49,257 test_ManajemenBlokDanKamar.py->test_34_ClickButtonSubmit()]==>INFO: Clik Button Submit
