[2023-04-17 13:26:04,722 test_Laporan7D.py->test_2_Login()]==>INFO: Setup Os
[2023-04-17 13:26:16,881 test_Laporan7D.py->test_2_Login()]==>INFO: Login Op Laporan Kamtib 7 D
[2023-04-17 13:26:22,439 test_Laporan7D.py->test_2_AksesMenu()]==>INFO: Akses halaman Laporan 7 D
[2023-04-17 13:26:28,329 test_Laporan7D.py->test_3_CreateButton()]==>INFO: Klik tombol tambah data
[2023-04-17 13:26:31,779 test_Laporan7D.py->test_3_SearchWBP()]==>INFO: Cari WBP
[2023-04-17 13:26:33,897 test_Laporan7D.py->test_4_PilihJenisGangguan()]==>INFO: Pilih Jenis Gangguan
[2023-04-17 13:26:34,717 test_Laporan7D.py->test_5_ClickButtonDaftarkan()]==>INFO: Klik tombol daftarkan
[2023-04-17 13:26:35,156 test_Laporan7D.py->test_6_InputData()]==>INFO: Iput Data Bersadarkan Jenis Gangguan
[2023-04-17 13:27:08,696 test_Laporan7D.py->test_6_InputData()]==>INFO: Input Jenis Gangguan Berat
[2023-04-17 13:27:24,046 test_Laporan7D.py->test_9_LoginSPV()]==>INFO: Setup Os
[2023-04-17 13:27:34,973 test_Laporan7D.py->test_9_LoginSPV()]==>INFO: Login Op Laporan Kamtib 7 D
[2023-04-17 13:27:40,249 test_Laporan7D.py->test_10_AksesMenuSpv()]==>INFO: Akses halaman Laporan 7 D
[2023-04-17 13:27:51,976 test_Laporan7D.py->test_11_KirimLaporanSpv()]==>INFO: Kirim laporan
[2023-04-17 13:28:02,368 test_Laporan7D.py->test_12_loginPusat()]==>INFO: Setup Os
[2023-04-17 13:28:14,581 test_Laporan7D.py->test_12_loginPusat()]==>INFO: Login Spv Laporan Kamtib 7 D
[2023-04-17 13:28:23,420 test_Laporan7D.py->test_13_AksesMenuPusat()]==>INFO: Akses halaman Laporan 7 D
[2023-04-17 13:28:28,559 test_Laporan7D.py->test_14_PilihKanwil()]==>INFO: Pilih Kanwil
[2023-04-17 13:28:31,190 test_Laporan7D.py->test_15_PilihUPT()]==>INFO: PilihUPT
[2023-04-17 13:28:31,730 test_Laporan7D.py->test_16_ClickButtonSearch()]==>INFO: Click Button Search
[2023-04-17 13:28:35,111 test_Laporan7D.py->test_17_ClickButtonVerifikasi()]==>INFO: Click Button Verifikasi
[2023-04-17 13:28:38,814 test_Laporan7D.py->test_18_StatusVerifikasiModal()]==>INFO: Click Verifikasi Modal
[2023-04-17 13:28:39,115 test_Laporan7D.py->test_19_UbahStatus()]==>INFO: Ubah Status Verifikasi
[2023-04-17 13:28:39,474 test_Laporan7D.py->test_20_Inputketerangan()]==>INFO: Input Keterangan
[2023-04-17 13:28:39,665 test_Laporan7D.py->test_21_SimpanVerifikasi()]==>INFO: Click Button Simpan Verifikasi
[2023-04-17 13:28:50,860 test_Laporan7D.py->test_22_exit()]==>INFO: Exit
