[2023-03-31 13:30:48,322 test_manajemenKamar.py->test_2_login()]==>INFO: Setup Os
[2023-03-31 13:30:51,675 test_manajemenKamar.py->test_2_login()]==>INFO: Login Operator Manajemen Penempatan
[2023-03-31 13:30:54,886 test_manajemenKamar.py->test_3_AksesMenu()]==>INFO: Akses halaman Manajemen Penghuni Baru
[2023-03-31 13:30:55,616 test_manajemenKamar.py->test_3_AksesMenu()]==>INFO: Akses Menu Manajemen Kamar
[2023-03-31 13:30:59,874 test_manajemenKamar.py->test_5_FilterColumn()]==>INFO: Search Nama lengkap
[2023-03-31 13:31:01,937 test_manajemenKamar.py->test_6_ClickButtonSearch()]==>INFO: Click Button Search
[2023-03-31 13:31:03,980 test_manajemenKamar.py->test_7_ClickButtonMutasi()]==>INFO: Click Button mutasi
[2023-03-31 13:31:06,625 test_manajemenKamar.py->test_8_PilihBlok()]==>INFO: Pilih Blok
[2023-03-31 13:31:09,258 test_manajemenKamar.py->test_9_PilihLantai()]==>INFO: Pilih Lantai
[2023-03-31 13:31:11,886 test_manajemenKamar.py->test_10_PilhKamar()]==>INFO: Pilih Kamar
[2023-03-31 13:31:13,964 test_manajemenKamar.py->test_11_InputTanggalMutasi()]==>INFO: input tanggal penempatan
[2023-03-31 13:31:16,051 test_manajemenKamar.py->test_12_InputKeterangan()]==>INFO: Input Keterangan
[2023-03-31 13:31:20,971 test_manajemenKamar.py->test_13_ClickButtonSubmit()]==>INFO: Click Button Submit
[2023-03-31 13:31:24,069 test_manajemenKamar.py->test_14_loginSPV()]==>INFO: Setup Os
[2023-03-31 13:31:27,445 test_manajemenKamar.py->test_14_loginSPV()]==>INFO: Login Spv Manajemen Penempatan
[2023-03-31 13:31:30,668 test_manajemenKamar.py->test_15_AksesMenu()]==>INFO: Akses halaman Manajemen Penghuni Baru
[2023-03-31 13:31:31,384 test_manajemenKamar.py->test_15_AksesMenu()]==>INFO: Akses Menu Manajemen Kamar
[2023-03-31 13:31:33,650 test_manajemenKamar.py->test_16_MemilihKataKunciNama()]==>INFO: Filter Data Berdasarkan Nama
[2023-03-31 13:31:35,738 test_manajemenKamar.py->test_17_SearchNamaWBP()]==>INFO: Search nama wbp
[2023-03-31 13:31:37,788 test_manajemenKamar.py->test_18_KlikButtonSearch()]==>INFO: Click Button Search
[2023-03-31 13:31:39,861 test_manajemenKamar.py->test_19_VERIFIAKSI()]==>INFO: Click Button Verifikasi
[2023-03-31 13:31:42,480 test_manajemenKamar.py->test_13_Status()]==>INFO: Ubah Status
[2023-03-31 13:31:44,567 test_manajemenKamar.py->test_14_InputKeterangan()]==>INFO: Input Keterangan
[2023-03-31 13:31:46,632 test_manajemenKamar.py->test_clear15_ClickButtonSubmit()]==>INFO: Click Button Submit
