[2023-04-17 13:56:53,334 test_Laporan7C.py->test_2_Login()]==>INFO: Setup Os
[2023-04-17 13:57:05,385 test_Laporan7C.py->test_2_Login()]==>INFO: Login Op Laporan Kamtib 7 C
[2023-04-17 13:57:10,394 test_Laporan7C.py->test_2_AksesMenu()]==>INFO: Akses halaman Laporan 7 C
[2023-04-17 13:57:18,157 test_Laporan7C.py->test_3_CreateButton()]==>INFO: Klik tombol tambah data
[2023-04-17 13:57:19,683 test_Laporan7C.py->test_4_JenisGanggguan()]==>INFO: Pilih Jenis Gangguan
[2023-04-17 13:57:20,805 test_Laporan7C.py->test_5_IdentitasPelaku()]==>INFO: Pilih Identitas Pelaku
[2023-04-17 13:57:22,454 test_Laporan7C.py->test_6_WaktuKejadian()]==>INFO: Pilih Waktu Kejadian
[2023-04-17 13:57:23,017 test_Laporan7C.py->test_7_TingkatGangguan()]==>INFO: Pilih Tingkat Gangguan
[2023-04-17 13:57:23,751 test_Laporan7C.py->test_8_Korban()]==>INFO: Input Korban Petugas,WBP,Masyarakat
[2023-04-17 13:57:24,319 test_Laporan7C.py->test_9_Kerugian()]==>INFO: Input Kerugian
[2023-04-17 13:57:24,993 test_Laporan7C.py->test_10_TindakLanjut()]==>INFO: Input Tindak Lanjut
[2023-04-17 13:57:25,836 test_Laporan7C.py->test_11_Keterangan()]==>INFO: Input Keterangan
[2023-04-17 13:57:26,414 test_Laporan7C.py->test_12_SubmitButton()]==>INFO: Klik tombol submit
[2023-04-17 13:57:37,564 test_Laporan7C.py->test_14_LoginSPV()]==>INFO: Setup Os
[2023-04-17 13:57:50,661 test_Laporan7C.py->test_14_LoginSPV()]==>INFO: Login Op Laporan Kamtib 7 B
[2023-04-17 13:57:56,111 test_Laporan7C.py->test_15_AksesMenuSpv()]==>INFO: Akses halaman Laporan 7 B
[2023-04-17 13:58:06,171 test_Laporan7C.py->test_16_KirimLaporanSpv()]==>INFO: Kirim laporan
[2023-04-17 13:58:18,768 test_Laporan7C.py->test_17_loginKanwil()]==>INFO: Setup Os
[2023-04-17 13:58:31,336 test_Laporan7C.py->test_17_loginKanwil()]==>INFO: Login Spv Laporan Kamtib 6D
[2023-04-17 13:58:40,790 test_Laporan7C.py->test_18_AksesMenuSpv()]==>INFO: Akses halaman Laporan 6D
[2023-04-17 13:58:46,201 test_Laporan7C.py->test_19_VerifikasiLaporanKanwil()]==>INFO: Input UPT
[2023-04-17 13:58:46,439 test_Laporan7C.py->test_20_ClickButtonSearch()]==>INFO: Click Button Search
[2023-04-17 13:58:49,106 test_Laporan7C.py->test_21_ClickButtonVerifikasi()]==>INFO: Click Button Verifikasi
[2023-04-17 13:58:52,430 test_Laporan7C.py->test_22_StatusVerifikasiModal()]==>INFO: Click Verifikasi Modal
[2023-04-17 13:58:52,685 test_Laporan7C.py->test_23_UbahStatus()]==>INFO: Ubah Status Verifikasi
[2023-04-17 13:58:52,905 test_Laporan7C.py->test_24_Inputketerangan()]==>INFO: Input Keterangan
[2023-04-17 13:58:53,161 test_Laporan7C.py->test_25_SimpanVerifikasi()]==>INFO: Click Button Simpan Verifikasi
[2023-04-17 13:59:03,406 test_Laporan7C.py->test_26_loginPusat()]==>INFO: Setup Os
[2023-04-17 13:59:16,146 test_Laporan7C.py->test_26_loginPusat()]==>INFO: Login Spv Laporan Kamtib 6D
[2023-04-17 13:59:25,485 test_Laporan7C.py->test_27_AksesMenuPusat()]==>INFO: Akses halaman Laporan 6D
[2023-04-17 13:59:30,102 test_Laporan7C.py->test_28_PilihKanwil()]==>INFO: Pilih Kanwil
[2023-04-17 13:59:32,898 test_Laporan7C.py->test_29_PilihUPT()]==>INFO: PilihUPT
[2023-04-17 13:59:33,516 test_Laporan7C.py->test_30_ClickButtonSearch()]==>INFO: Click Button Search
[2023-04-17 13:59:45,020 test_Laporan7C.py->test_31_exit()]==>INFO: Exit
