[2023-05-08 07:57:04,050 test_1OpTambahGiatja.py->test_TC_GIATJA_001()]==>INFO: Setup Os
[2023-05-08 07:57:16,058 test_1OpTambahGiatja.py->test_TC_GIATJA_001()]==>INFO: Login Op Giatja
[2023-05-08 07:57:27,155 test_1OpTambahGiatja.py->test_TC_GIATJA_002()]==>INFO: Operator mengakses halaman Kegiatan Kerja dan Produksi
[2023-05-08 07:57:38,219 test_1OpTambahGiatja.py->test_TC_GIATJA_003()]==>INFO: Klik Button Tambah
[2023-05-08 07:57:38,926 test_1OpTambahGiatja.py->test_TC_GIATJA_003()]==>INFO: Input Bidang Kegiatan
[2023-05-08 07:57:39,904 test_1OpTambahGiatja.py->test_TC_GIATJA_003()]==>INFO: Input Jenis Kegiatan
[2023-05-08 07:57:40,289 test_1OpTambahGiatja.py->test_TC_GIATJA_003()]==>INFO: Input Nama Kegiatan
[2023-05-08 07:57:40,827 test_1OpTambahGiatja.py->test_TC_GIATJA_003()]==>INFO: Input Skala Kegiatan
[2023-05-08 07:57:41,676 test_1OpTambahGiatja.py->test_TC_GIATJA_003()]==>INFO: Input Tanggal Awal Kegiatan
[2023-05-08 07:57:42,562 test_1OpTambahGiatja.py->test_TC_GIATJA_003()]==>INFO: Input Tanggal Akhir Kegiatan
[2023-05-08 07:57:43,206 test_1OpTambahGiatja.py->test_TC_GIATJA_003()]==>INFO: Input Lokasi Kegiatan
[2023-05-08 07:57:45,964 test_1OpTambahGiatja.py->test_TC_GIATJA_003()]==>INFO: Input Area Kegiatan
[2023-05-08 07:57:46,307 test_1OpTambahGiatja.py->test_TC_GIATJA_003()]==>INFO: Input Luas
[2023-05-08 07:57:46,557 test_1OpTambahGiatja.py->test_TC_GIATJA_003()]==>INFO: Input Jumlah Ruang
[2023-05-08 07:57:55,998 test_1OpTambahGiatja.py->test_TC_GIATJA_003()]==>INFO: Input Sarana
[2023-05-08 07:58:07,133 test_1OpTambahGiatja.py->test_TC_GIATJA_003()]==>INFO: Input Prasarana
[2023-05-08 07:58:11,086 test_1OpTambahGiatja.py->test_TC_GIATJA_003()]==>INFO: Input Mitra
[2023-05-08 07:58:16,197 test_1OpTambahGiatja.py->test_TC_GIATJA_003()]==>INFO: Input gambar
[2023-05-08 07:58:16,903 test_1OpTambahGiatja.py->test_TC_GIATJA_003()]==>INFO: Input Keterangan
[2023-05-08 07:58:18,857 test_1OpTambahGiatja.py->test_TC_GIATJA_003()]==>INFO: Button Tambah Peserta
[2023-05-08 07:58:27,518 test_1OpTambahGiatja.py->test_TC_GIATJA_003()]==>INFO: Tambah Peserta 1
[2023-05-08 07:58:27,761 test_1OpTambahGiatja.py->test_TC_GIATJA_003()]==>INFO: Tambah Peserta 2
[2023-05-08 07:58:28,026 test_1OpTambahGiatja.py->test_TC_GIATJA_003()]==>INFO: Tambah Peserta 3
[2023-05-08 07:58:28,494 test_1OpTambahGiatja.py->test_TC_GIATJA_003()]==>INFO: Click Button Daftarkan
[2023-05-08 07:58:30,090 test_1OpTambahGiatja.py->test_TC_GIATJA_003()]==>INFO: Click Button Create Produk
[2023-05-08 07:58:31,277 test_1OpTambahGiatja.py->test_TC_GIATJA_003()]==>INFO: Click Button Jenis Produk
[2023-05-08 07:58:31,792 test_1OpTambahGiatja.py->test_TC_GIATJA_003()]==>INFO: Input Nama Produk
[2023-05-08 07:58:32,306 test_1OpTambahGiatja.py->test_TC_GIATJA_003()]==>INFO: Input Jumlah Produk
[2023-05-08 07:58:33,392 test_1OpTambahGiatja.py->test_TC_GIATJA_003()]==>INFO: Input Satuan Produk
[2023-05-08 07:58:33,923 test_1OpTambahGiatja.py->test_TC_GIATJA_003()]==>INFO: Input Harga Produk
[2023-05-08 07:58:34,468 test_1OpTambahGiatja.py->test_TC_GIATJA_003()]==>INFO: Input Lama Pengerjaan Produk
[2023-05-08 07:58:38,399 test_1OpTambahGiatja.py->test_TC_GIATJA_003()]==>INFO: Input Gambar Produk
[2023-05-08 07:58:39,041 test_1OpTambahGiatja.py->test_TC_GIATJA_003()]==>INFO: Input Keterangan Produk
[2023-05-08 07:58:39,726 test_1OpTambahGiatja.py->test_TC_GIATJA_003()]==>INFO: Click Button Submit Produk
[2023-05-08 07:59:13,089 test_1OpTambahGiatja.py->test_TC_GIATJA_004()]==>INFO: Click Button Detail
[2023-05-08 07:59:25,355 test_1OpTambahGiatja.py->test_TC_GIATJA_005()]==>INFO: Click Button Edit
[2023-05-08 08:00:12,562 test_1OpTambahGiatja.py->test_TC_GIATJA_006()]==>INFO: 2.Klik button Ubah
[2023-05-08 08:00:18,103 test_1OpTambahGiatja.py->test_TC_GIATJA_007()]==>INFO: Click Button delete
[2023-05-08 08:00:23,036 test_1OpTambahGiatja.py->test_EXIT()]==>INFO: Exit
