[2023-05-03 16:37:30,435 test_OpGiatja.py->test_TC_GIATJA_001()]==>INFO: Setup Os
[2023-05-03 16:37:39,815 test_OpGiatja.py->test_TC_GIATJA_001()]==>INFO: Login Op Giatja
[2023-05-03 16:37:44,428 test_OpGiatja.py->test_TC_GIATJA_002()]==>INFO: Operator mengakses halaman Kegiatan Kerja dan Produksi
[2023-05-03 16:37:49,320 test_OpGiatja.py->test_TC_GIATJA_003()]==>INFO: Klik Button Tambah
[2023-05-03 16:37:49,663 test_OpGiatja.py->test_TC_GIATJA_003()]==>INFO: Input Bidang Kegiatan
[2023-05-03 16:37:50,137 test_OpGiatja.py->test_TC_GIATJA_003()]==>INFO: Input Jenis Kegiatan
[2023-05-03 16:37:50,368 test_OpGiatja.py->test_TC_GIATJA_003()]==>INFO: Input Nama Kegiatan
[2023-05-03 16:37:50,647 test_OpGiatja.py->test_TC_GIATJA_003()]==>INFO: Input Skala Kegiatan
[2023-05-03 16:37:51,021 test_OpGiatja.py->test_TC_GIATJA_003()]==>INFO: Input Tanggal Awal Kegiatan
[2023-05-03 16:37:51,432 test_OpGiatja.py->test_TC_GIATJA_003()]==>INFO: Input Tanggal Akhir Kegiatan
[2023-05-03 16:37:51,929 test_OpGiatja.py->test_TC_GIATJA_003()]==>INFO: Input Lokasi Kegiatan
[2023-05-03 16:37:52,408 test_OpGiatja.py->test_TC_GIATJA_003()]==>INFO: Input Area Kegiatan
[2023-05-03 16:37:52,557 test_OpGiatja.py->test_TC_GIATJA_003()]==>INFO: Input Luas
[2023-05-03 16:37:52,700 test_OpGiatja.py->test_TC_GIATJA_003()]==>INFO: Input Jumlah Ruang
[2023-05-03 16:38:07,213 test_OpGiatja.py->test_TC_GIATJA_003()]==>INFO: Input Sarana
[2023-05-03 16:38:14,899 test_OpGiatja.py->test_TC_GIATJA_003()]==>INFO: Input Prasarana
[2023-05-03 16:38:20,580 test_OpGiatja.py->test_TC_GIATJA_003()]==>INFO: Input Mitra
[2023-05-03 16:38:24,098 test_OpGiatja.py->test_TC_GIATJA_003()]==>INFO: Input gambar
[2023-05-03 16:38:24,526 test_OpGiatja.py->test_TC_GIATJA_003()]==>INFO: Input Keterangan
[2023-05-03 16:38:24,891 test_OpGiatja.py->test_TC_GIATJA_003()]==>INFO: Button Tambah Peserta
[2023-05-03 16:38:32,823 test_OpGiatja.py->test_TC_GIATJA_003()]==>INFO: Tambah Peserta 1
[2023-05-03 16:38:32,879 test_OpGiatja.py->test_TC_GIATJA_003()]==>INFO: Tambah Peserta 2
[2023-05-03 16:38:32,974 test_OpGiatja.py->test_TC_GIATJA_003()]==>INFO: Tambah Peserta 3
[2023-05-03 16:38:33,131 test_OpGiatja.py->test_TC_GIATJA_003()]==>INFO: Click Button Daftarkan
[2023-05-03 16:38:33,729 test_OpGiatja.py->test_TC_GIATJA_003()]==>INFO: Click Button Create Produk
[2023-05-03 16:38:34,471 test_OpGiatja.py->test_TC_GIATJA_003()]==>INFO: Click Button Jenis Produk
[2023-05-03 16:38:34,672 test_OpGiatja.py->test_TC_GIATJA_003()]==>INFO: Input Nama Produk
[2023-05-03 16:38:34,831 test_OpGiatja.py->test_TC_GIATJA_003()]==>INFO: Input Jumlah Produk
[2023-05-03 16:38:35,558 test_OpGiatja.py->test_TC_GIATJA_003()]==>INFO: Input Satuan Produk
[2023-05-03 16:38:35,776 test_OpGiatja.py->test_TC_GIATJA_003()]==>INFO: Input Harga Produk
[2023-05-03 16:38:35,940 test_OpGiatja.py->test_TC_GIATJA_003()]==>INFO: Input Lama Pengerjaan Produk
[2023-05-03 16:38:39,882 test_OpGiatja.py->test_TC_GIATJA_003()]==>INFO: Input Gambar Produk
[2023-05-03 16:38:40,249 test_OpGiatja.py->test_TC_GIATJA_003()]==>INFO: Input Keterangan Produk
[2023-05-03 16:38:40,448 test_OpGiatja.py->test_TC_GIATJA_003()]==>INFO: Click Button Submit Produk
[2023-05-03 16:39:10,892 test_OpGiatja.py->test_TC_GIATJA_004()]==>INFO: Click Button Detail
[2023-05-03 16:39:24,993 test_OpGiatja.py->test_TC_GIATJA_005()]==>INFO: Click Button Edit
[2023-05-03 16:40:24,946 test_OpGiatja.py->test_TC_GIATJA_006()]==>INFO: 2.Klik button Ubah
[2023-05-03 16:40:31,096 test_OpGiatja.py->test_TC_GIATJA_007()]==>INFO: Click Button delete
[2023-05-03 16:40:36,251 test_OpGiatja.py->test_exit()]==>INFO: Exit
