[2023-04-07 04:40:29,152 test_Laporan6C.py->test_1loginOperator()]==>INFO: Setup Os
[2023-04-07 04:40:39,150 test_Laporan6C.py->test_1loginOperator()]==>INFO: Login Op Laporan Kamtib 6C
[2023-04-07 04:40:44,028 test_Laporan6C.py->test_2_AksesMenu()]==>INFO: Akses halaman Laporan 6 C
[2023-04-07 04:40:48,830 test_Laporan6C.py->test_3_CreateButton()]==>INFO: Klik tombol tambah data
[2023-04-07 04:40:50,880 test_Laporan6C.py->test_4_JenisKerusuhan()]==>INFO: Isi Uraian Jenis Kerusuhan
[2023-04-07 04:40:51,917 test_Laporan6C.py->test_5_WaktuKejadian()]==>INFO: Isi Waktu Kejadian
[2023-04-07 04:40:52,115 test_Laporan6C.py->test_6_IndikasiPenyebab()]==>INFO: Isi IndikasiPenyebab
[2023-04-07 04:40:52,290 test_Laporan6C.py->test_7_TotalKerugian()]==>INFO: Isi Total Kerugian
[2023-04-07 04:40:52,696 test_Laporan6C.py->test_8_KorbanJiwa()]==>INFO: Isi Korban Jiwa
[2023-04-07 04:40:52,975 test_Laporan6C.py->test_9_TindakanSementaraYangDilakukan()]==>INFO: Isi Tindakan Sementara Yang Dilakukan
[2023-04-07 04:40:53,308 test_Laporan6C.py->test_10_BantuanPihakLain()]==>INFO: Isi Bantuan Pihak Lain
[2023-04-07 04:40:53,535 test_Laporan6C.py->test_11_KondisiAkhir()]==>INFO: Isi Kondisi Akhir
[2023-04-07 04:40:53,781 test_Laporan6C.py->test_12_Keterangan()]==>INFO: Isi Keterangan
[2023-04-07 04:40:53,950 test_Laporan6C.py->test_13_Submit()]==>INFO: Klik tombol submit
[2023-04-07 04:41:06,962 test_Laporan6C.py->test_14_loginSPV()]==>INFO: Setup Os
[2023-04-07 04:41:16,289 test_Laporan6C.py->test_14_loginSPV()]==>INFO: Login Spv Laporan Kamtib 6C
[2023-04-07 04:41:20,894 test_Laporan6C.py->test_15_AksesMenuSpv()]==>INFO: Akses halaman Laporan 6C
[2023-04-07 04:41:40,758 test_Laporan6C.py->test_17_loginKanwil()]==>INFO: Setup Os
[2023-04-07 04:41:49,879 test_Laporan6C.py->test_17_loginKanwil()]==>INFO: Login Spv Laporan Kamtib 6C
[2023-04-07 04:41:58,112 test_Laporan6C.py->test_18_AksesMenuSpv()]==>INFO: Akses halaman Laporan 6C
[2023-04-07 04:42:03,193 test_Laporan6C.py->test_19_VerifikasiLaporanKanwil()]==>INFO: Input UPT
[2023-04-07 04:42:03,359 test_Laporan6C.py->test_20_ClickButtonSearch()]==>INFO: Click Button Search
[2023-04-07 04:42:06,629 test_Laporan6C.py->test_21_ClickButtonVerifikasi()]==>INFO: Click Button Verifikasi
[2023-04-07 04:42:09,810 test_Laporan6C.py->test_22_StatusVerifikasiModal()]==>INFO: Click Verifikasi Modal
[2023-04-07 04:42:10,036 test_Laporan6C.py->test_23_UbahStatus()]==>INFO: Ubah Status Verifikasi
[2023-04-07 04:42:10,249 test_Laporan6C.py->test_24_Inputketerangan()]==>INFO: Input Keterangan
[2023-04-07 04:42:10,529 test_Laporan6C.py->test_25_SimpanVerifikasi()]==>INFO: Click Button Simpan Verifikasi
[2023-04-07 04:42:23,114 test_Laporan6C.py->test_26_loginPusat()]==>INFO: Setup Os
[2023-04-07 04:42:32,560 test_Laporan6C.py->test_26_loginPusat()]==>INFO: Login Spv Laporan Kamtib 6C
[2023-04-07 04:42:40,251 test_Laporan6C.py->test_27_AksesMenuPusat()]==>INFO: Akses halaman Laporan 6C
[2023-04-07 04:42:43,804 test_Laporan6C.py->test_28_PilihKanwil()]==>INFO: Pilih Kanwil
[2023-04-07 04:42:46,029 test_Laporan6C.py->test_29_PilihUPT()]==>INFO: PilihUPT
[2023-04-07 04:42:46,222 test_Laporan6C.py->test_30_ClickButtonSearch()]==>INFO: Click Button Search
[2023-04-07 04:42:57,438 test_Laporan6C.py->test_31_exit()]==>INFO: Exit
