[2022-12-28 16:25:15,418 Test_Rupbasan.py->test_00_setup()]==>INFO: Konfigurasi agar berjalan di setiap sistem operasi (mac dan Windos)
[2022-12-28 16:25:17,541 Test_Rupbasan.py->test_00_loggin()]==>INFO: Memasukan User name dan Password di halaman Login
[2022-12-28 16:25:22,778 Test_Rupbasan.py->test_PNM_001()]==>INFO: Mengakses menu Penerimaan dengan memilih modul Rupbasan kemudian pilih menu Penerimaan
[2022-12-28 16:25:32,341 Test_Rupbasan.py->test_PNM003_1()]==>INFO: Membuka halaman tambah penerimaan dengan klik button tambah
[2022-12-28 16:25:33,872 Test_Rupbasan.py->test_PNM003_2()]==>INFO: Memeilih Dropdown Jenis Registrasi
[2022-12-28 16:25:36,285 Test_Rupbasan.py->test_PNM003_3()]==>INFO: Menginput Tanggal Penerimaan
[2022-12-28 16:25:37,698 Test_Rupbasan.py->test_PNM003_4()]==>INFO: Menginput Nomor Registrasi Rupbasan
[2022-12-28 16:25:38,851 Test_Rupbasan.py->test_PNM003_5()]==>INFO: Memilih Opsi instansi
[2022-12-28 16:25:42,526 Test_Rupbasan.py->test_PNM003_6()]==>INFO: Menginput Nomor Registrasi Instansi
[2022-12-28 16:25:43,873 Test_Rupbasan.py->test_PNM003_7()]==>INFO: Menginput Nomor Surat Izin Penyitaan
[2022-12-28 16:25:45,157 Test_Rupbasan.py->test_PNM003_8()]==>INFO: Menginput Tanggal Surat Izin Penyitaan
[2022-12-28 16:25:45,624 Test_Rupbasan.py->test_PNM003_9()]==>INFO: Memilih Opsi Pengadilan Penyita
[2022-12-28 16:25:49,174 Test_Rupbasan.py->test_PNM003_10()]==>INFO: menginput nomor surat Penyitaan
[2022-12-28 16:25:50,649 Test_Rupbasan.py->test_PNM003_11()]==>INFO: menginput tanggal surat Penyitaan
[2022-12-28 16:25:52,088 Test_Rupbasan.py->test_PNM003_12()]==>INFO: input pasal
[2022-12-28 16:25:53,373 Test_Rupbasan.py->test_PNM003_13()]==>INFO: Input field text input menggunakan varchar
[2022-12-28 16:26:05,135 Test_Rupbasan.py->test_PNM003_14()]==>INFO: Input field text area
[2022-12-28 16:26:06,739 Test_Rupbasan.py->test_PNM003_15()]==>INFO: Melakukan Pencarian data Identitas petugas Penerima
[2022-12-28 16:26:08,332 Test_Rupbasan.py->test_PNM003_16()]==>INFO: Melakukan Pencarian data Petugas yang menyerahkan
[2022-12-28 16:26:19,721 Test_Rupbasan.py->test_PNM003_17()]==>INFO: Pengecekan jumlah data identitas yang akan di inputkan
[2022-12-28 16:26:21,176 Test_Rupbasan.py->test_PNM003_18()]==>INFO: Melakukan Pencarian data Identitas
[2022-12-28 16:26:21,711 Test_Rupbasan.py->test_PNM003_18()]==>INFO: Melakukan Pencarian data Identitas
[2022-12-28 16:26:23,167 Test_Rupbasan.py->test_PNM003_19()]==>INFO: klik tab Petugas Instansi
[2022-12-28 16:26:24,491 Test_Rupbasan.py->test_PNM003_20()]==>INFO:  menambah 1 baris status petugas
[2022-12-28 16:26:25,781 Test_Rupbasan.py->test_PNM003_21()]==>INFO: Memilih Petugas Instansi Yang menyerahkan pertama
[2022-12-28 16:26:26,251 Test_Rupbasan.py->test_PNM003_21()]==>INFO: Memilih Petugas Instansi Yang menyerahkan kedua
[2022-12-28 16:26:27,608 Test_Rupbasan.py->test_PNM003_21()]==>INFO: Melakukan Pencarian data petugas penyerah internal
[2022-12-28 16:26:28,630 Test_Rupbasan.py->test_PNM003_22()]==>INFO: Klik tab Saksi Penerima
[2022-12-28 16:26:29,964 Test_Rupbasan.py->test_PNM003_23()]==>INFO:  menambah 1 baris status petugas saksi
