[2023-04-18 23:04:13,290 test_Laporan7E.py->test_2_Login()]==>INFO: Setup Os
[2023-04-18 23:04:21,473 test_Laporan7E.py->test_2_Login()]==>INFO: Login Op Laporan Kamtib 7 E
[2023-04-18 23:04:25,791 test_Laporan7E.py->test_3_AksesMenu()]==>INFO: Akses halaman Laporan 7 E
[2023-04-18 23:04:35,941 test_Laporan7E.py->test_5_PetugasPenangkap()]==>INFO: Input Petugas penangkap
[2023-04-18 23:04:36,655 test_Laporan7E.py->test_6_LariDari()]==>INFO: Input Lari dari
[2023-04-18 23:04:37,186 test_Laporan7E.py->test_7_KondisiFisik()]==>INFO: Input Kondisi Fisik
[2023-04-18 23:04:37,811 test_Laporan7E.py->test_8_Keterangan()]==>INFO: Input Keterangan
[2023-04-18 23:04:38,253 test_Laporan7E.py->test_9_ClickButtonSimpan()]==>INFO: Click Button Simpan
[2023-04-18 23:04:48,446 test_Laporan7E.py->test_11_LoginSPV()]==>INFO: Setup Os
[2023-04-18 23:04:55,946 test_Laporan7E.py->test_11_LoginSPV()]==>INFO: Login Op Laporan Kamtib 7 E
[2023-04-18 23:05:00,435 test_Laporan7E.py->test_12_AksesMenuSpv()]==>INFO: Akses halaman Laporan 7 E
[2023-04-18 23:05:14,130 test_Laporan7E.py->test_13_KirimLaporanSpv()]==>INFO: Kirim laporan
[2023-04-18 23:05:26,143 test_Laporan7E.py->test_14_loginKanwil()]==>INFO: Setup Os
[2023-04-18 23:05:34,462 test_Laporan7E.py->test_14_loginKanwil()]==>INFO: Login Spv Laporan Kamtib 7E
[2023-04-18 23:05:42,134 test_Laporan7E.py->test_15_AksesMenuSpv()]==>INFO: Akses halaman Laporan 7E
[2023-04-18 23:05:47,662 test_Laporan7E.py->test_16_VerifikasiLaporanKanwil()]==>INFO: Input UPT
[2023-04-18 23:05:47,881 test_Laporan7E.py->test_17_ClickButtonSearch()]==>INFO: Click Button Search
[2023-04-18 23:05:51,304 test_Laporan7E.py->test_18_ClickButtonVerifikasi()]==>INFO: Click Button Verifikasi
[2023-04-18 23:05:54,464 test_Laporan7E.py->test_19_StatusVerifikasiModal()]==>INFO: Click Verifikasi Modal
[2023-04-18 23:05:54,626 test_Laporan7E.py->test_20_UbahStatus()]==>INFO: Ubah Status Verifikasi
[2023-04-18 23:05:54,788 test_Laporan7E.py->test_21_Inputketerangan()]==>INFO: Input Keterangan
[2023-04-18 23:05:54,971 test_Laporan7E.py->test_22_SimpanVerifikasi()]==>INFO: Click Button Simpan Verifikasi
[2023-04-18 23:06:04,581 test_Laporan7E.py->test_23_loginPusat()]==>INFO: Setup Os
[2023-04-18 23:06:12,811 test_Laporan7E.py->test_23_loginPusat()]==>INFO: Login Spv Laporan Kamtib 7E
[2023-04-18 23:06:19,966 test_Laporan7E.py->test_24_AksesMenuPusat()]==>INFO: Akses halaman Laporan 7E
[2023-04-18 23:06:23,028 test_Laporan7E.py->test_25_PilihKanwil()]==>INFO: Pilih Kanwil
[2023-04-18 23:06:24,806 test_Laporan7E.py->test_26_PilihUPT()]==>INFO: PilihUPT
[2023-04-18 23:06:25,297 test_Laporan7E.py->test_27_ClickButtonSearch()]==>INFO: Click Button Search
[2023-04-18 23:06:36,757 test_Laporan7E.py->test_28_exit()]==>INFO: Exit
