[2023-04-04 15:00:52,120 test_RegisterH.py->test_1loginOperator()]==>INFO: Setup Os
[2023-04-04 15:01:01,861 test_RegisterH.py->test_1loginOperator()]==>INFO: Login Operator Manajemen Penempatan
[2023-04-04 15:01:05,254 test_RegisterH.py->test_2_AksesMenu()]==>INFO: Akses Menu Register H
[2023-04-04 15:01:10,585 test_RegisterH.py->test_3_ClickButtonTambah()]==>INFO:  Membuka Halaman Tambah  
[2023-04-04 15:01:12,843 test_RegisterH.py->test_4_SearchNama()]==>INFO: Klik Search Kategori berdasarkan Nama
[2023-04-04 15:01:13,031 test_RegisterH.py->test_5_ClickButtonSearch()]==>INFO: Klik Button Search
[2023-04-04 15:01:15,234 test_RegisterH.py->test_6_ClickPerasingan()]==>INFO: Klik Button Perasingan
[2023-04-04 15:01:17,489 test_RegisterH.py->test_7_InputNosurat()]==>INFO: Input Nomor Surat
[2023-04-04 15:01:25,789 test_RegisterH.py->test_8_UploadSurat()]==>INFO: Upload Surat
[2023-04-04 15:01:28,197 test_RegisterH.py->test_9_InputTanggalSurat()]==>INFO: Input Tanggal Surat
[2023-04-04 15:01:30,411 test_RegisterH.py->test_10_InputTanggalMulai()]==>INFO: Input Tanggal Mulai
[2023-04-04 15:01:32,642 test_RegisterH.py->test_11_InputLamaPerasingan()]==>INFO: Input Lama Perasingan
[2023-04-04 15:01:32,853 test_RegisterH.py->test_12_InputAlasan()]==>INFO: Input Alasan
[2023-04-04 15:01:35,507 test_RegisterH.py->test_13_ClickButtonSubmit()]==>INFO: Click Button Submit
[2023-04-04 15:01:43,203 test_RegisterH.py->test_14_loginSpv()]==>INFO: Setup Os
[2023-04-04 15:01:51,192 test_RegisterH.py->test_14_loginSpv()]==>INFO: Login Spv Manajemen Penempatan
[2023-04-04 15:01:54,873 test_RegisterH.py->test_15_AksesMenuSpv()]==>INFO: Akses Menu Register H
[2023-04-04 15:01:59,724 test_RegisterH.py->test_16_SearchKeywordNama()]==>INFO:  Memilih kategori Nama 
[2023-04-04 15:02:01,998 test_RegisterH.py->test_17_SearchNamaWbp()]==>INFO: Search nama
[2023-04-04 15:02:04,798 test_RegisterH.py->test_18_statusStatus()]==>INFO:  Filter status Dalam Proses 
[2023-04-04 15:02:07,030 test_RegisterH.py->test_19_Click_StatusDalamProses()]==>INFO: .
[2023-04-04 15:02:07,030 test_RegisterH.py->test_19_Click_StatusDalamProses()]==>INFO: Click Button Status Dalam Proses
[2023-04-04 15:02:09,819 test_RegisterH.py->test_20_UbahStatusDiizinkan()]==>INFO: .
[2023-04-04 15:02:09,819 test_RegisterH.py->test_20_UbahStatusDiizinkan()]==>INFO: Ubah Status Menjadi Di Izinkan
[2023-04-04 15:02:12,052 test_RegisterH.py->test_21_InputKeterangan()]==>INFO: .
[2023-04-04 15:02:12,053 test_RegisterH.py->test_21_InputKeterangan()]==>INFO: Input Keterangan
[2023-04-04 15:02:15,998 test_RegisterH.py->test_22_SimpanButton()]==>INFO: .
[2023-04-04 15:02:15,998 test_RegisterH.py->test_22_SimpanButton()]==>INFO: Button Simpan Verifikasi
