[2023-03-26 05:54:09,033 test_registrasi_fungsi.py->test_1_setupOS()]==>INFO: Setup Os
[2023-03-26 05:54:12,409 test_registrasi_fungsi.py->test_2_login()]==>INFO: Login
[2023-03-26 05:54:16,314 test_registrasi_fungsi.py->test_3_AksesMenu_Registrasi()]==>INFO: Akses Menu Registrasi
[2023-03-26 05:54:17,605 test_registrasi_fungsi.py->test_4_ButtonRegistrasi()]==>INFO: Click Button Registrasi
[2023-03-26 05:54:23,406 test_registrasi_fungsi.py->test_5_PilihJenisReg()]==>INFO: Click Button Jenis Registrasi B1
[2023-03-26 05:54:24,204 test_registrasi_fungsi.py->test_6_SearchNoregWBP()]==>INFO: Input nomor registrasi wbp
[2023-03-26 05:54:25,495 test_registrasi_fungsi.py->test_7_ClickDataWbp()]==>INFO: Click Pilih Data Registrasi
[2023-03-26 05:54:26,253 test_registrasi_fungsi.py->test_8_SearchWbp()]==>INFO: Click Button search
[2023-03-26 05:54:27,498 test_registrasi_fungsi.py->test_9_ClosePopUp()]==>INFO: close Pop Up
[2023-03-26 05:54:28,362 test_registrasi_fungsi.py->test_10_InputNoreg()]==>INFO: input no registrasi 
[2023-03-26 05:54:29,211 test_registrasi_fungsi.py->test_11_InputTglSurat()]==>INFO: input tanggal surat 
[2023-03-26 05:54:30,077 test_registrasi_fungsi.py->test_12_InputSrtPenahanan()]==>INFO: input nomor surat penahanan
[2023-03-26 05:54:30,873 test_registrasi_fungsi.py->test_13_inputNamaPtgs()]==>INFO: input nama petugas
[2023-03-26 05:54:32,221 test_registrasi_fungsi.py->test_13_PilihKejaksaan()]==>INFO: Pilih Kejaksaan
[2023-03-26 05:54:33,031 test_registrasi_fungsi.py->test_14_PilihAsalInstanasi()]==>INFO: pilih asal instansi
[2023-03-26 05:54:34,454 test_registrasi_fungsi.py->test_15_PilihInstansiPenyidik()]==>INFO: pilih instansi penyidik
[2023-03-26 05:54:35,281 test_registrasi_fungsi.py->test_16_InputLokasiDOkumen()]==>INFO: input lokasi dokumen
[2023-03-26 05:54:36,101 test_registrasi_fungsi.py->test_17_InputAsalTahanan()]==>INFO: input asal tahanan
[2023-03-26 05:54:36,916 test_registrasi_fungsi.py->test_18_InputAsalKepolisian()]==>INFO: Input asal kepolisian
[2023-03-26 05:54:37,791 test_registrasi_fungsi.py->test_19_InputTanggalPenangkapan()]==>INFO: input tanggal penangkapan
[2023-03-26 05:54:38,641 test_registrasi_fungsi.py->test_20_InputTanggalBA8()]==>INFO: input tanggal BA 8
[2023-03-26 05:54:39,462 test_registrasi_fungsi.py->test_21_InputTglPtsnAkhir()]==>INFO: input tanggal menjalani putusan akhir
[2023-03-26 05:54:40,369 test_registrasi_fungsi.py->test_22_InputJenisPutusan()]==>INFO: input jenis putusan
[2023-03-26 05:54:41,261 test_registrasi_fungsi.py->test_23_InputTglMenjalaniPencabutanPB()]==>INFO: tanggal menjalani pencaputan PB
[2023-03-26 05:54:42,127 test_registrasi_fungsi.py->test_24_ClickTabPerkara()]==>INFO: Tab Perkara
[2023-03-26 05:54:42,989 test_registrasi_fungsi.py->test_25_InputKejahatanUtama()]==>INFO: input kejahatan utama
[2023-03-26 05:54:43,806 test_registrasi_fungsi.py->test_26_InputPasalUtama()]==>INFO: input pasal utama
[2023-03-26 05:54:44,615 test_registrasi_fungsi.py->test_27_InputKejahatan()]==>INFO: input Kejahatan
[2023-03-26 05:54:45,435 test_registrasi_fungsi.py->test_28_InputTempatKejadian()]==>INFO: input tempat kejadian
[2023-03-26 05:54:45,688 test_registrasi_fungsi.py->test_28_InputTempatKejadian()]==>INFO: pilih jenis putusan
[2023-03-26 05:54:46,506 test_registrasi_fungsi.py->test_29_InputTanggalPutusanAkhir()]==>INFO: Input tanggal putusan akhir
[2023-03-26 05:54:47,409 test_registrasi_fungsi.py->test_30_InputNomorPutusan()]==>INFO: input nomor putusan 
[2023-03-26 05:54:48,209 test_registrasi_fungsi.py->test_31_InputPasal()]==>INFO: input pasal
[2023-03-26 05:54:48,995 test_registrasi_fungsi.py->test_31_InputNamaHakimKetua()]==>INFO: Input nama hakim ketua
[2023-03-26 05:54:49,804 test_registrasi_fungsi.py->test_32_InputNamaHakimAnggota1()]==>INFO: input hakim anggota 1
[2023-03-26 05:54:50,610 test_registrasi_fungsi.py->test_33_InputHakimAnggota2()]==>INFO: input hakim anggota 2
[2023-03-26 05:54:51,421 test_registrasi_fungsi.py->test_34_InputPanitera()]==>INFO: input panitera
[2023-03-26 05:54:52,194 test_registrasi_fungsi.py->test_35_InputNamaJaksa()]==>INFO: input nama jaksa
[2023-03-26 05:54:53,493 test_registrasi_fungsi.py->test_36_InputPengadilan()]==>INFO: input pengadilan
[2023-03-26 05:54:54,307 test_registrasi_fungsi.py->test_37_TglDijalnkanPutusan()]==>INFO: input tanggal dijalankan putusan
[2023-03-26 05:54:55,222 test_registrasi_fungsi.py->test_38_Inputtersangka()]==>INFO: Input Tersangka
[2023-03-26 05:54:56,078 test_registrasi_fungsi.py->test_39_StatusBasanBaran()]==>INFO: status hukum basan baran
[2023-03-26 05:54:57,351 test_registrasi_fungsi.py->test_40_JenisHukuman()]==>INFO: jenis hukuman
[2023-03-26 05:54:58,181 test_registrasi_fungsi.py->test_41_InputPidana()]==>INFO: input pidana
[2023-03-26 05:55:01,139 test_registrasi_fungsi.py->test_42_InputJenisRemisi()]==>INFO: input jenis remisi
[2023-03-26 05:55:01,956 test_registrasi_fungsi.py->test_43_TglEksipirasiPerkiraan()]==>INFO: Input tanggal ekspirasi perkiraan
[2023-03-26 05:55:05,837 test_registrasi_fungsi.py->test_44_TglPertamaDthan()]==>INFO: Input tanggal pertama ditahan
[2023-03-26 05:55:06,687 test_registrasi_fungsi.py->test_45_TglAkhirDthn()]==>INFO: Input tanggal akhir ditahan
[2023-03-26 05:55:07,546 test_registrasi_fungsi.py->test_46_TglAwalDthnGol()]==>INFO: Input tanggal awal ditahan golongan
[2023-03-26 05:55:12,580 test_registrasi_fungsi.py->test_47_TglMasukLapas()]==>INFO: Input tanggal masuk lapas
[2023-03-26 05:55:13,342 test_registrasi_fungsi.py->test_48_SubmitRegistrasi()]==>INFO: Klik Button Submit
[2023-03-26 05:55:16,866 test_registrasi_fungsi.py->test_49_Search_namaWBP()]==>INFO: Search Nama WBP
[2023-03-26 05:55:18,172 test_registrasi_fungsi.py->test_50_ClickButtonCari()]==>INFO: Klik Button Search
[2023-03-26 05:55:19,913 test_registrasi_fungsi.py->test_51_ClickButtonDelete()]==>INFO: Klik Button Delete
[2023-03-26 05:55:20,718 test_registrasi_fungsi.py->test_51_ClickButtonDelete()]==>INFO: Klik Button Ya
