[2023-04-26 15:09:32,844 test_laporan8B.py->test_2_Login()]==>INFO: Setup Os
[2023-04-26 15:09:40,728 test_laporan8B.py->test_2_Login()]==>INFO: Login Op Laporan Kamtib 8 B
[2023-04-26 15:09:45,537 test_laporan8B.py->test_3_AksesMenu()]==>INFO: Akses halaman Laporan 8 B
[2023-04-26 15:09:49,830 test_laporan8B.py->test_4_ClickButtonTambah()]==>INFO: Klik Button Tambah
[2023-04-26 15:09:51,505 test_laporan8B.py->test_5_penanggungJawab()]==>INFO: Input Penanggung Jawab
[2023-04-26 15:09:51,664 test_laporan8B.py->test_6_jumlahAnggota()]==>INFO: Input Jumlah Anggota
[2023-04-26 15:09:51,982 test_laporan8B.py->test_7_pembagianTugas()]==>INFO: Input Pembagian Tugas
[2023-04-26 15:09:52,376 test_laporan8B.py->test_11_keterangan()]==>INFO: Input Keterangan
[2023-04-26 15:09:52,883 test_laporan8B.py->test_9_permasalahan()]==>INFO: Input Permasalahan
[2023-04-26 15:09:53,405 test_laporan8B.py->test_8_rekapitulasiKehadiran()]==>INFO: Input Rekapitulasi Kehadiran
[2023-04-26 15:09:53,680 test_laporan8B.py->test_10_alternatifPenyelesaian()]==>INFO: Input Alternatif Penyelesaian
[2023-04-26 15:09:53,826 test_laporan8B.py->test_12_simpan()]==>INFO: Klik Button Simpan
[2023-04-26 15:10:08,082 test_laporan8B.py->test_15_LoginSPV()]==>INFO: Setup Os
[2023-04-26 15:10:16,068 test_laporan8B.py->test_15_LoginSPV()]==>INFO: Login Op Laporan Kamtib 8 A
[2023-04-26 15:10:20,228 test_laporan8B.py->test_16_AksesMenuSpv()]==>INFO: Akses halaman Laporan 8 A
[2023-04-26 15:10:40,882 test_laporan8B.py->test_17_KirimLaporanSpv()]==>INFO: Kirim laporan
[2023-04-26 15:10:55,051 test_laporan8B.py->test_18_loginKanwil()]==>INFO: Setup Os
[2023-04-26 15:11:06,050 test_laporan8B.py->test_18_loginKanwil()]==>INFO: Login Spv Laporan Kamtib 8 A
[2023-04-26 15:11:13,550 test_laporan8B.py->test_19_AksesMenuKanwil()]==>INFO: Akses halaman Laporan 8 A
[2023-04-26 15:11:19,001 test_laporan8B.py->test_20_VerifikasiLaporanKanwil()]==>INFO: Input UPT
[2023-04-26 15:11:19,239 test_laporan8B.py->test_21_ClickButtonSearch()]==>INFO: Click Button Search
[2023-04-26 15:11:23,361 test_laporan8B.py->test_22_ClickButtonVerifikasi()]==>INFO: Click Button Verifikasi
[2023-04-26 15:11:29,625 test_laporan8B.py->test_23_StatusVerifikasiModal()]==>INFO: Click Verifikasi Modal Gagal
[2023-04-26 15:11:45,234 test_laporan8B.py->test_27_loginPusat()]==>INFO: Setup Os
