[2023-04-12 11:10:53,395 test_Laporan6F.py->test_2_Login()]==>INFO: Setup Os
[2023-04-12 11:11:02,345 test_Laporan6F.py->test_2_Login()]==>INFO: Login Op Laporan Kamtib 6 F
[2023-04-12 11:11:05,546 test_Laporan6F.py->test_2_AksesMenu()]==>INFO: Akses halaman Laporan 6 F
[2023-04-12 11:11:08,974 test_Laporan6F.py->test_3_CreateButton()]==>INFO: Klik tombol tambah data
[2023-04-12 11:11:11,765 test_Laporan6F.py->test_4_InputLuasUpt()]==>INFO: Input Luas UPT
[2023-04-12 11:11:12,223 test_Laporan6F.py->test_5_InputKapasitasHunian()]==>INFO: Input Kapasitas Hunian
[2023-04-12 11:11:12,670 test_Laporan6F.py->test_6_InputLuasBlok()]==>INFO: Input Luas Blok
[2023-04-12 11:11:13,146 test_Laporan6F.py->test_7_InputJumlahPenghuni()]==>INFO: Input Jumlah Penghuni
[2023-04-12 11:11:13,693 test_Laporan6F.py->test_8_InputKamarLayak()]==>INFO: Input kamar layak
[2023-04-12 11:11:14,263 test_Laporan6F.py->test_9_InputKamarTidakLayak()]==>INFO: Input kamar tidak layak
[2023-04-12 11:11:14,759 test_Laporan6F.py->test_10_InputVentilasiLayak()]==>INFO: Input ventilasi
[2023-04-12 11:11:15,287 test_Laporan6F.py->test_11_InputVentilasiTidakLayak()]==>INFO: Input ventilasi
[2023-04-12 11:11:15,745 test_Laporan6F.py->test_12_InputPencahayaanLayak()]==>INFO: Input Pencahayaan
[2023-04-12 11:11:16,369 test_Laporan6F.py->test_13_InputPencahayaanLayak()]==>INFO: Input Pencahayaan
[2023-04-12 11:11:16,848 test_Laporan6F.py->test_14_InputKamarMandiLayak()]==>INFO: Input Kamar Mandi Layak
[2023-04-12 11:11:17,666 test_Laporan6F.py->test_15_InputKamarMandiTidakLayal()]==>INFO: Input Kamar Mandi Tidak Layak
[2023-04-12 11:11:18,213 test_Laporan6F.py->test_16_InputWcLayak()]==>INFO: input Wc Layak
[2023-04-12 11:11:18,702 test_Laporan6F.py->test_17_InpuWcTidakLayak()]==>INFO: input Wc Tidak Layak
[2023-04-12 11:11:19,179 test_Laporan6F.py->test_18_InputAirLayak()]==>INFO: input Air Layak
[2023-04-12 11:11:19,639 test_Laporan6F.py->test_19_InputAirLayak()]==>INFO: input Air Tidak Layak
[2023-04-12 11:11:20,114 test_Laporan6F.py->test_20_InputTempatTidurLayak()]==>INFO: input Tempat Tidur Layak
[2023-04-12 11:11:20,614 test_Laporan6F.py->test_21_InputTempatTidurTidakLayak()]==>INFO: input Tempat Tidur Tidak Layak
[2023-04-12 11:11:21,095 test_Laporan6F.py->test_22_kasurLayak()]==>INFO: kasur Layak
[2023-04-12 11:11:21,564 test_Laporan6F.py->test_23_KasurTidakLayak()]==>INFO: input Kasur Tidak Layak
[2023-04-12 11:11:22,057 test_Laporan6F.py->test_24_LemariLayak()]==>INFO: Lemari Layak
[2023-04-12 11:11:22,524 test_Laporan6F.py->test_25_LemariTidakLayak()]==>INFO: input Lemari Tidak Layak
[2023-04-12 11:11:26,201 test_Laporan6F.py->test_26_ClickButtonSubmit()]==>INFO: click button submit
[2023-04-12 11:11:40,101 test_Laporan6F.py->test_27_SetupOS()]==>INFO: Setup Os
[2023-04-12 11:11:48,201 test_Laporan6F.py->test_28_LoginSpv()]==>INFO: Login Spv Laporan Kamtib 6F
[2023-04-12 11:11:51,939 test_Laporan6F.py->test_29_AksesMenuSpv()]==>INFO: Akses halaman Laporan 6F
[2023-04-12 11:11:59,916 test_Laporan6F.py->test_30_KirimLaporanSpv()]==>INFO: Kirim laporan
[2023-04-12 11:12:13,534 test_Laporan6F.py->test_31_loginKanwil()]==>INFO: Setup Os
[2023-04-12 11:12:21,607 test_Laporan6F.py->test_31_loginKanwil()]==>INFO: Login Spv Laporan Kamtib 6D
[2023-04-12 11:12:27,224 test_Laporan6F.py->test_32_AksesMenuSpv()]==>INFO: Akses halaman Laporan 6D
[2023-04-12 11:12:32,778 test_Laporan6F.py->test_33_VerifikasiLaporanKanwil()]==>INFO: Input UPT
[2023-04-12 11:12:32,963 test_Laporan6F.py->test_34_ClickButtonSearch()]==>INFO: Click Button Search
[2023-04-12 11:12:35,747 test_Laporan6F.py->test_35_ClickButtonVerifikasi()]==>INFO: Click Button Verifikasi
[2023-04-12 11:12:38,919 test_Laporan6F.py->test_36_StatusVerifikasiModal()]==>INFO: Click Verifikasi Modal
[2023-04-12 11:12:39,125 test_Laporan6F.py->test_37_UbahStatus()]==>INFO: Ubah Status Verifikasi
[2023-04-12 11:12:39,280 test_Laporan6F.py->test_38_Inputketerangan()]==>INFO: Input Keterangan
[2023-04-12 11:12:39,414 test_Laporan6F.py->test_39_SimpanVerifikasi()]==>INFO: Click Button Simpan Verifikasi
[2023-04-12 11:12:48,967 test_Laporan6F.py->test_39_loginPusat()]==>INFO: Setup Os
[2023-04-12 11:12:57,810 test_Laporan6F.py->test_39_loginPusat()]==>INFO: Login Spv Laporan Kamtib 6D
[2023-04-12 11:13:02,907 test_Laporan6F.py->test_40_AksesMenuPusat()]==>INFO: Akses halaman Laporan 6D
[2023-04-12 11:13:06,151 test_Laporan6F.py->test_41_PilihKanwil()]==>INFO: Pilih Kanwil
[2023-04-12 11:13:07,941 test_Laporan6F.py->test_42_PilihUPT()]==>INFO: PilihUPT
[2023-04-12 11:13:08,469 test_Laporan6F.py->test_43_ClickButtonSearch()]==>INFO: Click Button Search
[2023-04-12 11:13:14,040 test_Laporan6F.py->test_44_exit()]==>INFO: Exit
