[2023-03-30 15:11:35,537 test_registrasi_fungsi.py->test_1_setupOS()]==>INFO: Setup Os
[2023-03-30 15:11:40,931 test_registrasi_fungsi.py->test_2_login()]==>INFO: Login
[2023-03-30 15:11:45,304 test_registrasi_fungsi.py->test_3_AksesMenu_Registrasi()]==>INFO: Akses Menu Registrasi
[2023-03-30 15:11:46,929 test_registrasi_fungsi.py->test_4_ButtonRegistrasi()]==>INFO: Click Button Registrasi
[2023-03-30 15:11:52,408 test_registrasi_fungsi.py->test_5_PilihJenisReg()]==>INFO: Click Button Jenis Registrasi B1
[2023-03-30 15:11:52,995 test_registrasi_fungsi.py->test_6_SearchNoregWBP()]==>INFO: Input nomor registrasi wbp
[2023-03-30 15:11:54,250 test_registrasi_fungsi.py->test_7_ClickDataWbp()]==>INFO: Click Pilih Data Registrasi
[2023-03-30 15:11:54,787 test_registrasi_fungsi.py->test_8_SearchWbp()]==>INFO: Click Button search
[2023-03-30 15:11:56,692 test_registrasi_fungsi.py->test_9_ClosePopUp()]==>INFO: close Pop Up
[2023-03-30 15:11:57,284 test_registrasi_fungsi.py->test_10_InputNoreg()]==>INFO: input no registrasi 
[2023-03-30 15:11:57,977 test_registrasi_fungsi.py->test_11_InputTglSurat()]==>INFO: input tanggal surat 
[2023-03-30 15:11:58,661 test_registrasi_fungsi.py->test_12_InputSrtPenahanan()]==>INFO: input nomor surat penahanan
[2023-03-30 15:11:59,249 test_registrasi_fungsi.py->test_13_inputNamaPtgs()]==>INFO: input nama petugas
[2023-03-30 15:12:00,379 test_registrasi_fungsi.py->test_13_PilihKejaksaan()]==>INFO: Pilih Kejaksaan
[2023-03-30 15:12:00,969 test_registrasi_fungsi.py->test_14_PilihAsalInstanasi()]==>INFO: pilih asal instansi
[2023-03-30 15:12:02,218 test_registrasi_fungsi.py->test_15_PilihInstansiPenyidik()]==>INFO: pilih instansi penyidik
[2023-03-30 15:12:02,821 test_registrasi_fungsi.py->test_16_InputLokasiDOkumen()]==>INFO: input lokasi dokumen
[2023-03-30 15:12:03,415 test_registrasi_fungsi.py->test_17_InputAsalTahanan()]==>INFO: input asal tahanan
[2023-03-30 15:12:04,013 test_registrasi_fungsi.py->test_18_InputAsalKepolisian()]==>INFO: Input asal kepolisian
[2023-03-30 15:12:04,640 test_registrasi_fungsi.py->test_19_InputTanggalPenangkapan()]==>INFO: input tanggal penangkapan
[2023-03-30 15:12:05,267 test_registrasi_fungsi.py->test_20_InputTanggalBA8()]==>INFO: input tanggal BA 8
[2023-03-30 15:12:05,885 test_registrasi_fungsi.py->test_21_InputTglPtsnAkhir()]==>INFO: input tanggal menjalani putusan akhir
[2023-03-30 15:12:06,577 test_registrasi_fungsi.py->test_22_InputJenisPutusan()]==>INFO: input jenis putusan
[2023-03-30 15:12:07,520 test_registrasi_fungsi.py->test_23_InputTglMenjalaniPencabutanPB()]==>INFO: tanggal menjalani pencaputan PB
[2023-03-30 15:12:08,203 test_registrasi_fungsi.py->test_24_ClickTabPerkara()]==>INFO: Tab Perkara
[2023-03-30 15:12:08,895 test_registrasi_fungsi.py->test_25_InputKejahatanUtama()]==>INFO: input kejahatan utama
[2023-03-30 15:12:09,520 test_registrasi_fungsi.py->test_26_InputPasalUtama()]==>INFO: input pasal utama
[2023-03-30 15:12:10,098 test_registrasi_fungsi.py->test_27_InputKejahatan()]==>INFO: input Kejahatan
[2023-03-30 15:12:10,692 test_registrasi_fungsi.py->test_28_InputTempatKejadian()]==>INFO: input tempat kejadian
[2023-03-30 15:12:10,746 test_registrasi_fungsi.py->test_28_InputTempatKejadian()]==>INFO: pilih jenis putusan
[2023-03-30 15:12:11,338 test_registrasi_fungsi.py->test_29_InputTanggalPutusanAkhir()]==>INFO: Input tanggal putusan akhir
[2023-03-30 15:12:12,311 test_registrasi_fungsi.py->test_30_InputNomorPutusan()]==>INFO: input nomor putusan 
[2023-03-30 15:12:12,923 test_registrasi_fungsi.py->test_31_InputPasal()]==>INFO: input pasal
[2023-03-30 15:12:13,491 test_registrasi_fungsi.py->test_31_InputNamaHakimKetua()]==>INFO: Input nama hakim ketua
[2023-03-30 15:12:14,100 test_registrasi_fungsi.py->test_32_InputNamaHakimAnggota1()]==>INFO: input hakim anggota 1
[2023-03-30 15:12:14,953 test_registrasi_fungsi.py->test_33_InputHakimAnggota2()]==>INFO: input hakim anggota 2
[2023-03-30 15:12:15,571 test_registrasi_fungsi.py->test_34_InputPanitera()]==>INFO: input panitera
[2023-03-30 15:12:16,145 test_registrasi_fungsi.py->test_35_InputNamaJaksa()]==>INFO: input nama jaksa
[2023-03-30 15:12:17,254 test_registrasi_fungsi.py->test_36_InputPengadilan()]==>INFO: input pengadilan
[2023-03-30 15:12:17,882 test_registrasi_fungsi.py->test_37_TglDijalnkanPutusan()]==>INFO: input tanggal dijalankan putusan
[2023-03-30 15:12:18,819 test_registrasi_fungsi.py->test_38_Inputtersangka()]==>INFO: Input Tersangka
[2023-03-30 15:12:19,472 test_registrasi_fungsi.py->test_39_StatusBasanBaran()]==>INFO: status hukum basan baran
[2023-03-30 15:12:20,523 test_registrasi_fungsi.py->test_40_JenisHukuman()]==>INFO: jenis hukuman
[2023-03-30 15:12:21,103 test_registrasi_fungsi.py->test_41_InputPidana()]==>INFO: input pidana
[2023-03-30 15:12:23,883 test_registrasi_fungsi.py->test_42_InputJenisRemisi()]==>INFO: input jenis remisi
[2023-03-30 15:12:24,500 test_registrasi_fungsi.py->test_43_TglEksipirasiPerkiraan()]==>INFO: Input tanggal ekspirasi perkiraan
[2023-03-30 15:12:28,254 test_registrasi_fungsi.py->test_44_TglPertamaDthan()]==>INFO: Input tanggal pertama ditahan
[2023-03-30 15:12:28,934 test_registrasi_fungsi.py->test_45_TglAkhirDthn()]==>INFO: Input tanggal akhir ditahan
[2023-03-30 15:12:29,598 test_registrasi_fungsi.py->test_46_TglAwalDthnGol()]==>INFO: Input tanggal awal ditahan golongan
[2023-03-30 15:12:34,288 test_registrasi_fungsi.py->test_47_TglMasukLapas()]==>INFO: Input tanggal masuk lapas
[2023-03-30 15:12:34,854 test_registrasi_fungsi.py->test_48_SubmitRegistrasi()]==>INFO: Klik Button Submit
